{
  "stats": {
    "suites": 1,
    "tests": 4,
    "passes": 4,
    "pending": 0,
    "failures": 0,
    "start": "2022-03-01T15:01:48.768Z",
    "end": "2022-03-01T15:01:59.328Z",
    "duration": 10560,
    "testsRegistered": 4,
    "passPercent": 100,
    "pendingPercent": 0,
    "other": 0,
    "hasOther": false,
    "skipped": 0,
    "hasSkipped": false
  },
  "results": [
    {
      "uuid": "6a5281fc-ea32-42cc-bb5e-6f2e72ff96b4",
      "title": "",
      "fullFile": "",
      "file": "",
      "beforeHooks": [],
      "afterHooks": [],
      "tests": [],
      "suites": [
        {
          "uuid": "09e139fd-6f59-44e8-be1a-c68015e706ae",
          "title": "Test for task \"I Can Win\"",
          "fullFile": "D:\\QA\\JavaScript\\WebStorm task\\epam\\Stage 2\\Unit 9 - WebDriver\\HW\\tests\\spec\\Test_1.spec.js",
          "file": "\\tests\\spec\\Test_1.spec.js",
          "beforeHooks": [],
          "afterHooks": [
            {
              "title": "\"after all\" hook in \"Test for task \"I Can Win\"\"",
              "fullTitle": "Test for task \"I Can Win\" \"after all\" hook in \"Test for task \"I Can Win\"\"",
              "timedOut": false,
              "duration": 244,
              "state": null,
              "speed": null,
              "pass": false,
              "fail": false,
              "pending": false,
              "context": null,
              "code": "await pastebin.close();",
              "err": {},
              "uuid": "aaf71432-2bc1-4197-ac19-4407ccc36399",
              "parentUUID": "09e139fd-6f59-44e8-be1a-c68015e706ae",
              "isHook": true,
              "skipped": false
            }
          ],
          "tests": [
            {
              "title": "have to \"Открыть https://pastebin.com или аналогичный сервис в любом браузере\"",
              "fullTitle": "Test for task \"I Can Win\" have to \"Открыть https://pastebin.com или аналогичный сервис в любом браузере\"",
              "timedOut": false,
              "duration": 6094,
              "state": "passed",
              "speed": "slow",
              "pass": true,
              "fail": false,
              "pending": false,
              "context": null,
              "code": "await pastebin.openURL();",
              "err": {},
              "uuid": "288b7f42-c3bc-4dd4-96f6-73fb62cdefb5",
              "parentUUID": "09e139fd-6f59-44e8-be1a-c68015e706ae",
              "isHook": false,
              "skipped": false
            },
            {
              "title": "have to \"Создать New Paste со следующими деталями: * Код: \"Hello from WebDriver\"\"",
              "fullTitle": "Test for task \"I Can Win\" have to \"Создать New Paste со следующими деталями: * Код: \"Hello from WebDriver\"\"",
              "timedOut": false,
              "duration": 621,
              "state": "passed",
              "speed": "slow",
              "pass": true,
              "fail": false,
              "pending": false,
              "context": null,
              "code": "await pastebin.inputNewPaste(textNewPaste);",
              "err": {},
              "uuid": "0d4efb89-1001-4124-a455-7b77d5782bb1",
              "parentUUID": "09e139fd-6f59-44e8-be1a-c68015e706ae",
              "isHook": false,
              "skipped": false
            },
            {
              "title": "have to \"Создать New Paste со следующими деталями: * Paste Expiration: \"10 Minutes\"\"",
              "fullTitle": "Test for task \"I Can Win\" have to \"Создать New Paste со следующими деталями: * Paste Expiration: \"10 Minutes\"\"",
              "timedOut": false,
              "duration": 2974,
              "state": "passed",
              "speed": "slow",
              "pass": true,
              "fail": false,
              "pending": false,
              "context": null,
              "code": "await pastebin.setPasteExpiration();",
              "err": {},
              "uuid": "33863e19-36a9-4a2e-9d13-d630bc199f6b",
              "parentUUID": "09e139fd-6f59-44e8-be1a-c68015e706ae",
              "isHook": false,
              "skipped": false
            },
            {
              "title": "have to \"Создать New Paste со следующими деталями: * Paste Name / Title: \"helloweb\"\"",
              "fullTitle": "Test for task \"I Can Win\" have to \"Создать New Paste со следующими деталями: * Paste Name / Title: \"helloweb\"\"",
              "timedOut": false,
              "duration": 615,
              "state": "passed",
              "speed": "slow",
              "pass": true,
              "fail": false,
              "pending": false,
              "context": null,
              "code": "await pastebin.inputPasteName(textPasteName);",
              "err": {},
              "uuid": "2baad117-503b-4272-9647-153f54883531",
              "parentUUID": "09e139fd-6f59-44e8-be1a-c68015e706ae",
              "isHook": false,
              "skipped": false
            }
          ],
          "suites": [],
          "passes": [
            "288b7f42-c3bc-4dd4-96f6-73fb62cdefb5",
            "0d4efb89-1001-4124-a455-7b77d5782bb1",
            "33863e19-36a9-4a2e-9d13-d630bc199f6b",
            "2baad117-503b-4272-9647-153f54883531"
          ],
          "failures": [],
          "pending": [],
          "skipped": [],
          "duration": 10304,
          "root": false,
          "rootEmpty": false,
          "_timeout": 20000
        }
      ],
      "passes": [],
      "failures": [],
      "pending": [],
      "skipped": [],
      "duration": 0,
      "root": true,
      "rootEmpty": true,
      "_timeout": 20000
    }
  ],
  "meta": {
    "mocha": {
      "version": "9.2.0"
    },
    "mochawesome": {
      "options": {
        "quiet": false,
        "reportFilename": "mochawesome",
        "saveHtml": true,
        "saveJson": true,
        "consoleReporter": "spec",
        "useInlineDiffs": false,
        "code": true
      },
      "version": "7.0.1"
    },
    "marge": {
      "options": null,
      "version": "6.0.1"
    }
  }
}